<?xml version="1.0" encoding="utf-8"?><testsuites name="pytest tests"><testsuite name="pytest" errors="0" failures="0" skipped="0" tests="169" time="4.654" timestamp="2025-08-09T05:35:48.531415+00:00" hostname="maas-client"><testcase classname="tests.unit.test_bios_base.TestConfigMethod" name="test_config_method_values" time="0.002" /><testcase classname="tests.unit.test_bios_base.TestConfigMethod" name="test_config_method_redfish_standard" time="0.001" /><testcase classname="tests.unit.test_bios_base.TestConfigMethod" name="test_config_method_vendor_tools" time="0.001" /><testcase classname="tests.unit.test_bios_base.TestOperationStatus" name="test_operation_status_values" time="0.001" /><testcase classname="tests.unit.test_bios_base.TestOperationStatus" name="test_operation_status_success" time="0.001" /><testcase classname="tests.unit.test_bios_base.TestOperationStatus" name="test_operation_status_failed" time="0.001" /><testcase classname="tests.unit.test_bios_base.TestBiosConfigResult" name="test_bios_config_result_creation" time="0.001" /><testcase classname="tests.unit.test_bios_base.TestBiosConfigResult" name="test_bios_config_result_with_backup" time="0.001" /><testcase classname="tests.unit.test_bios_base.TestBiosConfigResult" name="test_bios_config_result_empty_settings" time="0.001" /><testcase classname="tests.unit.test_config.TestConfigLoader" name="test_load_valid_config" time="0.005" /><testcase classname="tests.unit.test_config.TestConfigLoader" name="test_load_missing_file" time="0.001" /><testcase classname="tests.unit.test_config.TestConfigLoader" name="test_load_config_with_none" time="0.001" /><testcase classname="tests.unit.test_config.TestConfigLoader" name="test_load_config_with_mock" time="0.005" /><testcase classname="tests.unit.test_database.TestDbHelper" name="test_init_with_memory_db" time="0.001" /><testcase classname="tests.unit.test_database.TestDbHelper" name="test_init_with_file_db" time="0.001" /><testcase classname="tests.unit.test_database.TestDbHelper" name="test_basic_functionality" time="0.001" /><testcase classname="tests.unit.test_discovery_base.TestNetworkInterface" name="test_network_interface_creation" time="0.001" /><testcase classname="tests.unit.test_discovery_base.TestNetworkInterface" name="test_network_interface_minimal" time="0.001" /><testcase classname="tests.unit.test_discovery_base.TestNetworkInterface" name="test_network_interface_serialization" time="0.001" /><testcase classname="tests.unit.test_discovery_base.TestIPMIInfo" name="test_ipmi_info_creation" time="0.001" /><testcase classname="tests.unit.test_discovery_base.TestIPMIInfo" name="test_ipmi_info_defaults" time="0.001" /><testcase classname="tests.unit.test_discovery_base.TestIPMIInfo" name="test_ipmi_info_serialization" time="0.001" /><testcase classname="tests.unit.test_discovery_base.TestSystemInfo" name="test_system_info_creation" time="0.001" /><testcase classname="tests.unit.test_discovery_base.TestSystemInfo" name="test_system_info_defaults" time="0.001" /><testcase classname="tests.unit.test_discovery_base.TestSystemInfo" name="test_system_info_serialization" time="0.001" /><testcase classname="tests.unit.test_discovery_base.TestHardwareDiscovery" name="test_hardware_discovery_creation" time="0.001" /><testcase classname="tests.unit.test_discovery_base.TestHardwareDiscovery" name="test_hardware_discovery_to_dict" time="0.001" /><testcase classname="tests.unit.test_discovery_base.TestHardwareDiscovery" name="test_hardware_discovery_complex_structure" time="0.001" /><testcase classname="tests.unit.test_discovery_base.TestBaseVendorDiscovery" name="test_base_vendor_discovery_initialization" time="0.001" /><testcase classname="tests.unit.test_discovery_base.TestBaseVendorDiscovery" name="test_base_vendor_discovery_default_priority" time="0.001" /><testcase classname="tests.unit.test_discovery_base.TestBaseVendorDiscovery" name="test_base_vendor_discovery_abstract_methods" time="0.001" /><testcase classname="tests.unit.test_discovery_base.TestBaseVendorDiscovery" name="test_concrete_vendor_discovery_implementation" time="0.001" /><testcase classname="tests.unit.test_discovery_base.TestBaseParser" name="test_base_parser_initialization" time="0.001" /><testcase classname="tests.unit.test_discovery_base.TestBaseParser" name="test_base_parser_abstract_method" time="0.001" /><testcase classname="tests.unit.test_discovery_base.TestBaseParser" name="test_concrete_parser_implementation" time="0.001" /><testcase classname="tests.unit.test_discovery_base.TestBaseParser" name="test_safe_parse_success" time="0.001" /><testcase classname="tests.unit.test_discovery_base.TestBaseParser" name="test_safe_parse_error_handling" time="0.001" /><testcase classname="tests.unit.test_discovery_base.TestBaseParser" name="test_safe_parse_logs_warning" time="0.001" /><testcase classname="tests.unit.test_discovery_base_fixed.TestNetworkInterface" name="test_network_interface_creation" time="0.001" /><testcase classname="tests.unit.test_discovery_base_fixed.TestNetworkInterface" name="test_network_interface_minimal" time="0.001" /><testcase classname="tests.unit.test_discovery_base_fixed.TestNetworkInterface" name="test_network_interface_serialization" time="0.001" /><testcase classname="tests.unit.test_discovery_base_fixed.TestIPMIInfo" name="test_ipmi_info_creation" time="0.001" /><testcase classname="tests.unit.test_discovery_base_fixed.TestIPMIInfo" name="test_ipmi_info_defaults" time="0.001" /><testcase classname="tests.unit.test_discovery_base_fixed.TestIPMIInfo" name="test_ipmi_info_serialization" time="0.001" /><testcase classname="tests.unit.test_discovery_base_fixed.TestSystemInfo" name="test_system_info_creation" time="0.001" /><testcase classname="tests.unit.test_discovery_base_fixed.TestSystemInfo" name="test_system_info_defaults" time="0.001" /><testcase classname="tests.unit.test_discovery_base_fixed.TestSystemInfo" name="test_system_info_serialization" time="0.001" /><testcase classname="tests.unit.test_discovery_base_fixed.TestHardwareDiscovery" name="test_hardware_discovery_creation" time="0.001" /><testcase classname="tests.unit.test_discovery_base_fixed.TestHardwareDiscovery" name="test_hardware_discovery_to_dict" time="0.001" /><testcase classname="tests.unit.test_discovery_base_fixed.TestHardwareDiscovery" name="test_hardware_discovery_complex_structure" time="0.001" /><testcase classname="tests.unit.test_discovery_base_fixed.TestBaseVendorDiscovery" name="test_base_vendor_discovery_initialization" time="0.001" /><testcase classname="tests.unit.test_discovery_base_fixed.TestBaseVendorDiscovery" name="test_base_vendor_discovery_default_priority" time="0.001" /><testcase classname="tests.unit.test_discovery_base_fixed.TestBaseVendorDiscovery" name="test_base_vendor_discovery_abstract_methods" time="0.001" /><testcase classname="tests.unit.test_discovery_base_fixed.TestBaseVendorDiscovery" name="test_concrete_vendor_discovery_implementation" time="0.001" /><testcase classname="tests.unit.test_discovery_base_fixed.TestBaseParser" name="test_base_parser_initialization" time="0.001" /><testcase classname="tests.unit.test_discovery_base_fixed.TestBaseParser" name="test_base_parser_abstract_method" time="0.001" /><testcase classname="tests.unit.test_discovery_base_fixed.TestBaseParser" name="test_concrete_parser_implementation" time="0.001" /><testcase classname="tests.unit.test_discovery_base_fixed.TestBaseParser" name="test_safe_parse_success" time="0.001" /><testcase classname="tests.unit.test_discovery_base_fixed.TestBaseParser" name="test_safe_parse_error_handling" time="0.001" /><testcase classname="tests.unit.test_discovery_base_fixed.TestBaseParser" name="test_safe_parse_logs_warning" time="0.001" /><testcase classname="tests.unit.test_env_config.TestConfig" name="test_init_without_env_file" time="0.001" /><testcase classname="tests.unit.test_env_config.TestConfig" name="test_get_env_defaults" time="0.001" /><testcase classname="tests.unit.test_env_config.TestConfig" name="test_get_env_with_custom_values" time="0.001" /><testcase classname="tests.unit.test_env_config.TestConfig" name="test_boolean_conversion" time="0.005" /><testcase classname="tests.unit.test_env_config.TestConfig" name="test_numeric_conversion" time="0.001" /><testcase classname="tests.unit.test_env_config.TestConfig" name="test_invalid_numeric_conversion" time="0.002" /><testcase classname="tests.unit.test_env_config.TestConfig" name="test_get_section" time="0.001" /><testcase classname="tests.unit.test_env_config.TestConfig" name="test_get_nonexistent_key" time="0.001" /><testcase classname="tests.unit.test_env_config.TestConfig" name="test_dictionary_access" time="0.001" /><testcase classname="tests.unit.test_env_config.TestConfigWithEnvFile" name="test_load_env_file" time="0.013" /><testcase classname="tests.unit.test_env_config.TestConfigWithEnvFile" name="test_load_nonexistent_env_file" time="0.001" /><testcase classname="tests.unit.test_env_config.TestLoadConfigFunction" name="test_load_config_returns_dict" time="0.007" /><testcase classname="tests.unit.test_env_config.TestLoadConfigFunction" name="test_load_config_with_env_file" time="0.002" /><testcase classname="tests.unit.test_env_config.TestLoadConfigFunction" name="test_load_config_finds_env_file" time="0.011" /><testcase classname="tests.unit.test_env_config.TestConfigValidation" name="test_invalid_log_level_warning" time="0.002" /><testcase classname="tests.unit.test_env_config.TestConfigValidation" name="test_missing_maas_credentials_warning" time="0.002" /><testcase classname="tests.unit.test_env_config.TestBackwardCompatibility" name="test_load_config_file_deprecated" time="0.001" /><testcase classname="tests.unit.test_env_config.TestBackwardCompatibility" name="test_load_config_from_env_compatibility" time="0.001" /><testcase classname="tests.unit.test_env_config.TestConfigIntegration" name="test_full_configuration_workflow" time="0.004" /><testcase classname="tests.unit.test_env_config.TestConfigIntegration" name="test_environment_variable_precedence" time="0.002" /><testcase classname="tests.unit.test_exceptions.TestHWAutomationError" name="test_base_exception_creation" time="0.001" /><testcase classname="tests.unit.test_exceptions.TestHWAutomationError" name="test_base_exception_empty_message" time="0.001" /><testcase classname="tests.unit.test_exceptions.TestHWAutomationError" name="test_base_exception_inheritance" time="0.001" /><testcase classname="tests.unit.test_exceptions.TestWorkflowError" name="test_workflow_error_creation" time="0.001" /><testcase classname="tests.unit.test_exceptions.TestWorkflowError" name="test_workflow_error_with_step" time="0.001" /><testcase classname="tests.unit.test_exceptions.TestCommissioningError" name="test_commissioning_error_creation" time="0.001" /><testcase classname="tests.unit.test_exceptions.TestCommissioningError" name="test_commissioning_error_details" time="0.001" /><testcase classname="tests.unit.test_exceptions.TestBiosConfigurationError" name="test_bios_configuration_error_creation" time="0.001" /><testcase classname="tests.unit.test_exceptions.TestBiosConfigurationError" name="test_bios_configuration_error_setting_specific" time="0.001" /><testcase classname="tests.unit.test_exceptions.TestIPMIConfigurationError" name="test_ipmi_error_creation" time="0.001" /><testcase classname="tests.unit.test_exceptions.TestIPMIConfigurationError" name="test_ipmi_error_device_specific" time="0.001" /><testcase classname="tests.unit.test_exceptions.TestSSHConnectionError" name="test_ssh_error_creation" time="0.001" /><testcase classname="tests.unit.test_exceptions.TestSSHConnectionError" name="test_ssh_error_with_details" time="0.001" /><testcase classname="tests.unit.test_exceptions.TestConfigurationValidationError" name="test_validation_error_creation" time="0.001" /><testcase classname="tests.unit.test_exceptions.TestConfigurationValidationError" name="test_validation_error_field_specific" time="0.001" /><testcase classname="tests.unit.test_exceptions.TestFirmwareError" name="test_firmware_error_creation" time="0.001" /><testcase classname="tests.unit.test_exceptions.TestFirmwareError" name="test_firmware_update_exception" time="0.001" /><testcase classname="tests.unit.test_exceptions.TestFirmwareError" name="test_firmware_download_error" time="0.001" /><testcase classname="tests.unit.test_exceptions.TestFirmwareError" name="test_firmware_verification_error" time="0.001" /><testcase classname="tests.unit.test_exceptions.TestExceptionInheritance" name="test_all_exceptions_inherit_from_base" time="0.001" /><testcase classname="tests.unit.test_exceptions.TestExceptionInheritance" name="test_workflow_specific_exceptions" time="0.001" /><testcase classname="tests.unit.test_exceptions.TestExceptionInheritance" name="test_firmware_specific_exceptions" time="0.001" /><testcase classname="tests.unit.test_exceptions.TestExceptionUsage" name="test_exception_raising_and_catching" time="0.001" /><testcase classname="tests.unit.test_exceptions.TestExceptionUsage" name="test_exception_chaining" time="0.001" /><testcase classname="tests.unit.test_exceptions.TestExceptionUsage" name="test_catching_base_exception" time="0.001" /><testcase classname="tests.unit.test_exceptions.TestExceptionUsage" name="test_exception_with_none_message" time="0.001" /><testcase classname="tests.unit.test_logging_config.TestGetLogger" name="test_get_logger_with_name" time="0.001" /><testcase classname="tests.unit.test_logging_config.TestGetLogger" name="test_get_logger_different_names" time="0.001" /><testcase classname="tests.unit.test_logging_config.TestGetLogger" name="test_get_logger_same_name" time="0.001" /><testcase classname="tests.unit.test_logging_config.TestCorrelationTracking" name="test_set_and_get_correlation_id" time="0.001" /><testcase classname="tests.unit.test_logging_config.TestCorrelationTracking" name="test_get_correlation_id_none" time="0.001" /><testcase classname="tests.unit.test_logging_config.TestCorrelationTracking" name="test_correlation_id_isolation" time="0.001" /><testcase classname="tests.unit.test_logging_config.TestCorrelationTracking" name="test_with_correlation_decorator" time="0.001" /><testcase classname="tests.unit.test_logging_config.TestSetupLogging" name="test_setup_logging_basic" time="0.001" /><testcase classname="tests.unit.test_logging_config.TestSetupLogging" name="test_setup_logging_with_level" time="0.002" /><testcase classname="tests.unit.test_logging_config.TestSetupLogging" name="test_setup_logging_integration" time="0.004" /><testcase classname="tests.unit.test_logging_config.TestLoggingIntegration" name="test_logger_creation_and_usage" time="0.001" /><testcase classname="tests.unit.test_logging_config.TestLoggingIntegration" name="test_logger_hierarchy" time="0.001" /><testcase classname="tests.unit.test_logging_config.TestLoggingIntegration" name="test_multiple_logger_instances" time="0.001" /><testcase classname="tests.unit.test_logging_config.TestLoggingIntegration" name="test_logging_with_correlation" time="0.001" /><testcase classname="tests.unit.test_logging_config.TestLoggingErrorHandling" name="test_invalid_logger_names" time="0.001" /><testcase classname="tests.unit.test_logging_config.TestLoggingErrorHandling" name="test_correlation_id_edge_cases" time="0.001" /><testcase classname="tests.unit.test_logging_config.TestLoggingErrorHandling" name="test_setup_logging_error_recovery" time="0.001" /><testcase classname="tests.unit.test_maas_integration.TestMaasClient" name="test_maas_client_initialization" time="0.001" /><testcase classname="tests.unit.test_maas_integration.TestMaasClient" name="test_maas_client_missing_credentials" time="0.001" /><testcase classname="tests.unit.test_maas_integration.TestMaasClient" name="test_maas_client_invalid_url" time="0.001" /><testcase classname="tests.unit.test_maas_integration.TestMaasClient" name="test_get_machines_success" time="0.002" /><testcase classname="tests.unit.test_maas_integration.TestMaasClient" name="test_get_machines_http_error" time="0.002" /><testcase classname="tests.unit.test_maas_integration.TestMaasClient" name="test_get_machines_authentication_error" time="0.001" /><testcase classname="tests.unit.test_maas_integration.TestMaasClient" name="test_commission_machine_success" time="0.002" /><testcase classname="tests.unit.test_maas_integration.TestMaasClient" name="test_deploy_machine_success" time="0.002" /><testcase classname="tests.unit.test_maas_integration.TestMaasClient" name="test_get_machine_details_success" time="0.002" /><testcase classname="tests.unit.test_maas_integration.TestMaasClient" name="test_release_machine_success" time="0.002" /><testcase classname="tests.unit.test_maas_integration.TestMaasClient" name="test_build_auth_header" time="0.001" /><testcase classname="tests.unit.test_maas_integration.TestMaasClient" name="test_connection_timeout" time="0.001" /><testcase classname="tests.unit.test_maas_integration.TestMaasClient" name="test_connection_error" time="0.002" /><testcase classname="tests.unit.test_maas_integration.TestMaasExceptions" name="test_maas_connection_error" time="0.001" /><testcase classname="tests.unit.test_maas_integration.TestMaasExceptions" name="test_maas_authentication_error" time="0.001" /><testcase classname="tests.unit.test_maas_integration.TestMaasExceptions" name="test_exception_inheritance" time="0.001" /><testcase classname="tests.unit.test_maas_integration.TestMaasIntegration" name="test_client_workflow_simulation" time="0.001" /><testcase classname="tests.unit.test_maas_integration.TestMaasIntegration" name="test_url_construction" time="0.001" /><testcase classname="tests.unit.test_maas_integration.TestMaasIntegration" name="test_error_handling_patterns" time="0.001" /><testcase classname="tests.unit.test_package_structure" name="test_cli_module_exists" time="0.002" /><testcase classname="tests.unit.test_package_structure" name="test_hwautomation_package_structure" time="0.001" /><testcase classname="tests.unit.test_package_structure" name="test_main_package_imports" time="0.001" /><testcase classname="tests.unit.test_package_structure" name="test_hardware_subpackages" time="0.001" /><testcase classname="tests.unit.test_package_structure" name="test_database_imports" time="0.001" /><testcase classname="tests.unit.test_package_structure" name="test_logging_imports" time="0.001" /><testcase classname="tests.unit.test_package_structure" name="test_utils_imports" time="0.001" /><testcase classname="tests.unit.test_package_structure" name="test_exceptions_hierarchy" time="0.001" /><testcase classname="tests.unit.test_package_structure" name="test_basic_module_constants" time="0.001" /><testcase classname="tests.unit.test_package_structure" name="test_discovery_base_classes" time="0.001" /><testcase classname="tests.unit.test_package_structure" name="test_config_functionality" time="0.001" /><testcase classname="tests.unit.test_package_structure" name="test_env_config_basic_usage" time="0.001" /><testcase classname="tests.unit.test_package_structure" name="test_package_version_info" time="0.001" /><testcase classname="tests.unit.test_package_structure" name="test_hardware_package_structure" time="0.001" /><testcase classname="tests.unit.test_package_structure" name="test_database_helper_basic_functionality" time="0.001" /><testcase classname="tests.unit.test_package_structure" name="test_logging_system_basic" time="0.001" /><testcase classname="tests.unit.test_redfish_manager.TestRedfishManager" name="test_redfish_manager_initialization" time="0.001" /><testcase classname="tests.unit.test_redfish_manager.TestRedfishManager" name="test_redfish_manager_http_mode" time="0.001" /><testcase classname="tests.unit.test_redfish_manager.TestRedfishManager" name="test_service_root_discovery" time="0.002" /><testcase classname="tests.unit.test_redfish_manager.TestRedfishManager" name="test_capability_discovery" time="0.002" /><testcase classname="tests.unit.test_redfish_manager.TestRedfishManager" name="test_system_info_retrieval" time="0.003" /><testcase classname="tests.unit.test_redfish_manager.TestRedfishManager" name="test_bios_settings_retrieval" time="0.003" /><testcase classname="tests.unit.test_redfish_manager.TestRedfishManager" name="test_connection_test_success" time="0.003" /><testcase classname="tests.unit.test_redfish_manager.TestRedfishManager" name="test_connection_test_failure" time="0.002" /><testcase classname="tests.unit.test_redfish_manager.TestBiosConfigManagerRedfish" name="test_redfish_connection_via_bios_manager" time="0.368" /><testcase classname="tests.unit.test_redfish_manager.TestBiosConfigManagerRedfish" name="test_system_info_via_bios_manager" time="0.359" /><testcase classname="tests.unit.test_redfish_manager.TestBiosConfigManagerRedfish" name="test_bios_config_method_determination" time="0.376" /></testsuite></testsuites>
