<?xml version="1.0" encoding="utf-8"?><testsuites name="pytest tests"><testsuite name="pytest" errors="0" failures="0" skipped="0" tests="5" time="2.624" timestamp="2025-08-10T14:11:46.701167-07:00" hostname="ethereal"><testcase classname="tests.test_firmware_manager.TestFirmwareManager" name="test_get_vendor_info" time="0.006" /><testcase classname="tests.test_firmware_manager.TestFirmwareManager" name="test_compare_versions" time="0.003" /><testcase classname="tests.test_firmware_manager.TestFirmwareManager" name="test_determine_update_priority" time="0.004" /><testcase classname="tests.test_firmware_manager.TestFirmwareManager" name="test_estimate_update_time" time="0.003" /><testcase classname="tests.test_firmware_manager.TestFirmwareManager" name="test_get_mock_firmware_versions" time="0.009" /></testsuite></testsuites>
