<?xml version="1.0" encoding="utf-8"?><testsuites name="pytest tests"><testsuite name="pytest" errors="0" failures="0" skipped="0" tests="54" time="0.413" timestamp="2025-08-15T14:36:04.350622+00:00" hostname="maas-client"><testcase classname="tests.unit.test_base_classes_modular.TestBaseAPIView" name="test_base_api_view_initialization" time="0.002" /><testcase classname="tests.unit.test_base_classes_modular.TestBaseAPIView" name="test_success_response_format" time="0.001" /><testcase classname="tests.unit.test_base_classes_modular.TestBaseAPIView" name="test_error_response_format" time="0.001" /><testcase classname="tests.unit.test_base_classes_modular.TestBaseAPIView" name="test_pagination_response" time="0.001" /><testcase classname="tests.unit.test_base_classes_modular.TestBaseAPIView" name="test_error_handling_value_error" time="0.001" /><testcase classname="tests.unit.test_base_classes_modular.TestBaseAPIView" name="test_error_handling_key_error" time="0.001" /><testcase classname="tests.unit.test_base_classes_modular.TestBaseResourceView" name="test_get_single_resource" time="0.001" /><testcase classname="tests.unit.test_base_classes_modular.TestBaseResourceView" name="test_get_resource_list" time="0.001" /><testcase classname="tests.unit.test_base_classes_modular.TestBaseResourceView" name="test_resource_crud_operations" time="0.001" /><testcase classname="tests.unit.test_base_classes_modular.TestBaseResourceView" name="test_get_request_data_json" time="0.003" /><testcase classname="tests.unit.test_base_classes_modular.TestBaseResourceView" name="test_get_request_data_not_json" time="0.002" /><testcase classname="tests.unit.test_base_classes_modular.TestDatabaseMixin" name="test_database_mixin_initialization" time="0.001" /><testcase classname="tests.unit.test_base_classes_modular.TestDatabaseMixin" name="test_execute_query_fetch_all" time="0.001" /><testcase classname="tests.unit.test_base_classes_modular.TestDatabaseMixin" name="test_execute_query_fetch_one" time="0.001" /><testcase classname="tests.unit.test_base_classes_modular.TestDatabaseMixin" name="test_execute_query_no_fetch" time="0.001" /><testcase classname="tests.unit.test_base_classes_modular.TestDatabaseMixin" name="test_execute_many" time="0.001" /><testcase classname="tests.unit.test_base_classes_modular.TestDatabaseMixin" name="test_get_table_info" time="0.001" /><testcase classname="tests.unit.test_base_classes_modular.TestValidationMixin" name="test_validate_required_fields" time="0.000" /><testcase classname="tests.unit.test_base_classes_modular.TestValidationMixin" name="test_validate_required_fields_empty_values" time="0.000" /><testcase classname="tests.unit.test_base_classes_modular.TestValidationMixin" name="test_validate_field_types" time="0.000" /><testcase classname="tests.unit.test_base_classes_modular.TestValidationMixin" name="test_validate_field_types_invalid" time="0.000" /><testcase classname="tests.unit.test_base_classes_modular.TestValidationMixin" name="test_validate_string_length" time="0.000" /><testcase classname="tests.unit.test_base_classes_modular.TestValidationMixin" name="test_validate_ip_address_valid" time="0.000" /><testcase classname="tests.unit.test_base_classes_modular.TestValidationMixin" name="test_validate_ip_address_invalid" time="0.000" /><testcase classname="tests.unit.test_base_classes_modular.TestValidationMixin" name="test_validate_server_id" time="0.000" /><testcase classname="tests.unit.test_base_classes_modular.TestValidationMixin" name="test_validate_device_type" time="0.001" /><testcase classname="tests.unit.test_base_classes_modular.TestValidationMixin" name="test_validate_workflow_status" time="0.000" /><testcase classname="tests.unit.test_base_classes_modular.TestValidationMixin" name="test_validate_email" time="0.000" /><testcase classname="tests.unit.test_base_classes_modular.TestValidationMixin" name="test_validate_url" time="0.001" /><testcase classname="tests.unit.test_base_classes_modular.TestCacheMixin" name="test_cache_set_and_get" time="0.000" /><testcase classname="tests.unit.test_base_classes_modular.TestCacheMixin" name="test_cache_get_nonexistent" time="0.000" /><testcase classname="tests.unit.test_base_classes_modular.TestCacheMixin" name="test_cache_ttl_expiry" time="0.001" /><testcase classname="tests.unit.test_base_classes_modular.TestCacheMixin" name="test_cache_delete" time="0.000" /><testcase classname="tests.unit.test_base_classes_modular.TestCacheMixin" name="test_cache_clear" time="0.000" /><testcase classname="tests.unit.test_base_classes_modular.TestCacheMixin" name="test_cache_cleanup" time="0.001" /><testcase classname="tests.unit.test_base_classes_modular.TestCacheMixin" name="test_cache_stats" time="0.000" /><testcase classname="tests.unit.test_base_classes_modular.TestCacheMixin" name="test_cache_has" time="0.000" /><testcase classname="tests.unit.test_base_classes_modular.TestTimestampMixin" name="test_current_timestamp" time="0.000" /><testcase classname="tests.unit.test_base_classes_modular.TestTimestampMixin" name="test_format_timestamp_default" time="0.000" /><testcase classname="tests.unit.test_base_classes_modular.TestTimestampMixin" name="test_format_timestamp_iso" time="0.000" /><testcase classname="tests.unit.test_base_classes_modular.TestTimestampMixin" name="test_parse_timestamp_iso" time="0.000" /><testcase classname="tests.unit.test_base_classes_modular.TestTimestampMixin" name="test_parse_timestamp_invalid" time="0.002" /><testcase classname="tests.unit.test_base_classes_modular.TestTimestampMixin" name="test_duration_since" time="0.000" /><testcase classname="tests.unit.test_base_classes_modular.TestTimestampMixin" name="test_format_duration" time="0.000" /><testcase classname="tests.unit.test_base_classes_modular.TestTimestampMixin" name="test_time_ago" time="0.000" /><testcase classname="tests.unit.test_base_classes_modular.TestTimestampMixin" name="test_is_timestamp_recent" time="0.000" /><testcase classname="tests.unit.test_base_classes_modular.TestTimestampMixin" name="test_timestamp_date_time_conversion" time="0.000" /><testcase classname="tests.unit.test_base_classes_modular.TestTimestampMixin" name="test_start_end_of_day" time="0.000" /><testcase classname="tests.unit.test_base_classes_modular.TestBaseResource" name="test_base_resource_initialization" time="0.001" /><testcase classname="tests.unit.test_base_classes_modular.TestBaseResource" name="test_base_resource_combined_functionality" time="0.001" /><testcase classname="tests.unit.test_base_classes_modular.TestBaseResource" name="test_get_cached_or_fetch" time="0.002" /><testcase classname="tests.unit.test_base_classes_modular.TestBaseResource" name="test_multiple_inheritance_method_resolution" time="0.001" /><testcase classname="tests.unit.test_base_classes_modular.TestBackwardCompatibility" name="test_base_classes_import_compatibility" time="0.001" /><testcase classname="tests.unit.test_base_classes_modular.TestBackwardCompatibility" name="test_backward_compatible_functionality" time="0.001" /></testsuite></testsuites>