<?xml version="1.0" encoding="utf-8"?><testsuites name="pytest tests"><testsuite name="pytest" errors="0" failures="0" skipped="0" tests="31" time="6.402" timestamp="2025-08-14T18:22:38.879441+00:00" hostname="maas-client"><testcase classname="tests.unit.test_redfish_manager.TestRedfishManager" name="test_redfish_manager_initialization" time="0.006" /><testcase classname="tests.unit.test_redfish_manager.TestRedfishManager" name="test_redfish_manager_http_mode" time="0.001" /><testcase classname="tests.unit.test_redfish_manager.TestRedfishManager" name="test_service_root_discovery" time="0.003" /><testcase classname="tests.unit.test_redfish_manager.TestRedfishManager" name="test_capability_discovery" time="0.007" /><testcase classname="tests.unit.test_redfish_manager.TestRedfishManager" name="test_system_info_retrieval" time="0.003" /><testcase classname="tests.unit.test_redfish_manager.TestRedfishManager" name="test_bios_settings_retrieval" time="0.003" /><testcase classname="tests.unit.test_redfish_manager.TestRedfishManager" name="test_connection_test_success" time="0.004" /><testcase classname="tests.unit.test_redfish_manager.TestRedfishManager" name="test_connection_test_failure" time="0.003" /><testcase classname="tests.unit.test_redfish_manager.TestBiosConfigManagerRedfish" name="test_redfish_connection_via_bios_manager" time="0.371" /><testcase classname="tests.unit.test_redfish_manager.TestBiosConfigManagerRedfish" name="test_system_info_via_bios_manager" time="0.342" /><testcase classname="tests.unit.test_redfish_manager.TestBiosConfigManagerRedfish" name="test_bios_config_method_determination" time="0.670" /><testcase classname="tests.unit.test_redfish_simple.TestBaseRedfishManager" name="test_base_manager_initialization" time="0.001" /><testcase classname="tests.unit.test_redfish_simple.TestRedfishPowerManager" name="test_power_manager_initialization" time="0.001" /><testcase classname="tests.unit.test_redfish_simple.TestRedfishBiosManager" name="test_bios_manager_initialization" time="0.001" /><testcase classname="tests.unit.test_redfish_simple.TestRedfishSystemManager" name="test_system_manager_initialization" time="0.001" /><testcase classname="tests.unit.test_redfish_simple.TestRedfishFirmwareManager" name="test_firmware_manager_initialization" time="0.001" /><testcase classname="tests.unit.test_redfish_simple.TestRedfishCoordinator" name="test_redfish_coordinator_initialization" time="0.001" /><testcase classname="tests.unit.test_redfish_simple.TestRedfishCoordinator" name="test_coordinator_manager_types" time="0.001" /><testcase classname="tests.unit.test_redfish_simple.TestBackwardCompatibility" name="test_redfish_manager_import_compatibility" time="0.001" /><testcase classname="tests.unit.test_redfish_modular.TestBaseManager" name="test_base_manager_initialization" time="0.001" /><testcase classname="tests.unit.test_redfish_modular.TestPowerManager" name="test_power_manager_initialization" time="0.001" /><testcase classname="tests.unit.test_redfish_modular.TestPowerManager" name="test_get_power_state" time="0.001" /><testcase classname="tests.unit.test_redfish_modular.TestPowerManager" name="test_get_power_state_invalid_response" time="0.001" /><testcase classname="tests.unit.test_redfish_modular.TestPowerManager" name="test_power_on_operation" time="0.002" /><testcase classname="tests.unit.test_redfish_modular.TestPowerManager" name="test_power_off_operation" time="0.002" /><testcase classname="tests.unit.test_redfish_modular.TestPowerManager" name="test_power_cycle_operation" time="0.002" /><testcase classname="tests.unit.test_redfish_modular.TestBiosManager" name="test_bios_manager_initialization" time="0.001" /><testcase classname="tests.unit.test_redfish_modular.TestSystemManager" name="test_system_manager_initialization" time="0.001" /><testcase classname="tests.unit.test_redfish_modular.TestFirmwareManager" name="test_firmware_manager_initialization" time="0.001" /><testcase classname="tests.unit.test_redfish_modular.TestRedfishCoordinator" name="test_coordinator_initialization" time="0.001" /><testcase classname="tests.unit.test_redfish_modular.TestRedfishCoordinator" name="test_coordinator_manager_types" time="0.001" /></testsuite></testsuites>
