<?xml version="1.0" encoding="utf-8"?><testsuites name="pytest tests"><testsuite name="pytest" errors="0" failures="0" skipped="3" tests="14" time="7.818" timestamp="2025-08-16T01:18:05.498135+00:00" hostname="maas-client"><testcase classname="tests.test_firmware_manager.TestFirmwareManager" name="test_initialization" time="0.213" /><testcase classname="tests.test_firmware_manager.TestFirmwareManager" name="test_get_vendor_info" time="0.209" /><testcase classname="tests.test_firmware_manager.TestFirmwareManager" name="test_compare_versions" time="0.206" /><testcase classname="tests.test_firmware_manager.TestFirmwareManager" name="test_determine_update_priority" time="0.213" /><testcase classname="tests.test_firmware_manager.TestFirmwareManager" name="test_estimate_update_time" time="0.206" /><testcase classname="tests.test_firmware_manager.TestFirmwareManager" name="test_sort_firmware_updates" time="0.208" /><testcase classname="tests.test_firmware_manager.TestFirmwareRepository" name="test_from_config_valid_file" time="0.002" /><testcase classname="tests.test_firmware_manager.TestFirmwareRepository" name="test_from_config_invalid_file" time="0.001" /><testcase classname="tests.test_firmware_manager.TestFirmwareDataStructures" name="test_firmware_info_creation" time="0.001" /><testcase classname="tests.test_firmware_manager.TestFirmwareDataStructures" name="test_firmware_update_result_creation" time="0.001" /><testcase classname="tests.test_firmware_manager.TestFirmwareExceptions" name="test_firmware_update_exception" time="0.001" /><testcase classname="tests.test_firmware_manager.TestFirmwareManagerPerformance" name="test_firmware_info_creation_performance" time="0.000"><skipped type="pytest.skip" message="Performance tests skipped (set RUN_PERFORMANCE_TESTS=1 to run)">/home/ubuntu/projects/hwautomation/tests/conftest.py:426: Performance tests skipped (set RUN_PERFORMANCE_TESTS=1 to run)</skipped></testcase><testcase classname="tests.test_firmware_manager.TestFirmwareManagerPerformance" name="test_repository_scan_performance" time="0.000"><skipped type="pytest.skip" message="Performance tests skipped (set RUN_PERFORMANCE_TESTS=1 to run)">/home/ubuntu/projects/hwautomation/tests/conftest.py:426: Performance tests skipped (set RUN_PERFORMANCE_TESTS=1 to run)</skipped></testcase><testcase classname="tests.test_firmware_manager.TestFirmwareManagerPerformance" name="test_firmware_update_result_serialization_performance" time="0.000"><skipped type="pytest.skip" message="Performance tests skipped (set RUN_PERFORMANCE_TESTS=1 to run)">/home/ubuntu/projects/hwautomation/tests/conftest.py:426: Performance tests skipped (set RUN_PERFORMANCE_TESTS=1 to run)</skipped></testcase></testsuite></testsuites>
