<?xml version="1.0" encoding="utf-8"?><testsuites name="pytest tests"><testsuite name="pytest" errors="0" failures="0" skipped="9" tests="177" time="5.120" timestamp="2025-08-14T17:10:02.727032+00:00" hostname="maas-client"><testcase classname="tests.unit.test_bios_operations_focused.TestBiosOperationsBase" name="test_pull_operation_importable" time="0.004" /><testcase classname="tests.unit.test_bios_operations_focused.TestBiosOperationsBase" name="test_push_operation_importable" time="0.001" /><testcase classname="tests.unit.test_bios_operations_focused.TestBiosOperationsBase" name="test_validate_operation_importable" time="0.001" /><testcase classname="tests.unit.test_bios_operations_focused.TestBiosOperationsBase" name="test_xml_parser_importable" time="0.003" /><testcase classname="tests.unit.test_bios_operations_focused.TestBiosOperationsBase" name="test_redfish_parser_importable" time="0.001" /><testcase classname="tests.unit.test_bios_operations_focused.TestPullOperationHandler" name="test_pull_handler_parameter_validation" time="0.004" /><testcase classname="tests.unit.test_bios_operations_focused.TestPullOperationHandler" name="test_pull_handler_execution_success" time="0.005" /><testcase classname="tests.unit.test_bios_operations_focused.TestPullOperationHandler" name="test_pull_handler_inheritance" time="0.001" /><testcase classname="tests.unit.test_bios_operations_focused.TestPushOperationHandler" name="test_push_handler_parameter_validation" time="0.002" /><testcase classname="tests.unit.test_bios_operations_focused.TestPushOperationHandler" name="test_push_handler_execution_with_validation" time="0.002" /><testcase classname="tests.unit.test_bios_operations_focused.TestPushOperationHandler" name="test_push_handler_inheritance" time="0.001" /><testcase classname="tests.unit.test_bios_operations_focused.TestValidationOperationHandler" name="test_validation_handler_parameter_validation" time="0.002" /><testcase classname="tests.unit.test_bios_operations_focused.TestValidationOperationHandler" name="test_validation_handler_execution_pattern" time="0.002" /><testcase classname="tests.unit.test_bios_operations_focused.TestValidationOperationHandler" name="test_validation_handler_inheritance" time="0.001" /><testcase classname="tests.unit.test_bios_operations_focused.TestXmlConfigParser" name="test_xml_parser_initialization" time="0.001" /><testcase classname="tests.unit.test_bios_operations_focused.TestXmlConfigParser" name="test_xml_parser_valid_parse" time="0.002" /><testcase classname="tests.unit.test_bios_operations_focused.TestXmlConfigParser" name="test_xml_parser_invalid_parse" time="0.003" /><testcase classname="tests.unit.test_bios_operations_focused.TestXmlConfigParser" name="test_xml_parser_serialize" time="0.002" /><testcase classname="tests.unit.test_bios_operations_focused.TestXmlConfigParser" name="test_xml_parser_inheritance" time="0.001" /><testcase classname="tests.unit.test_bios_operations_focused.TestOperationModuleStructure" name="test_pull_module_structure" time="0.001" /><testcase classname="tests.unit.test_bios_operations_focused.TestOperationModuleStructure" name="test_push_module_structure" time="0.001" /><testcase classname="tests.unit.test_bios_operations_focused.TestOperationModuleStructure" name="test_validate_module_structure" time="0.001" /><testcase classname="tests.unit.test_bios_operations_focused.TestOperationModuleStructure" name="test_xml_parser_module_structure" time="0.001" /><testcase classname="tests.unit.test_bios_operations_focused.TestOperationErrorHandling" name="test_pull_operation_error_handling" time="0.001" /><testcase classname="tests.unit.test_bios_operations_focused.TestOperationErrorHandling" name="test_push_operation_error_handling" time="0.001" /><testcase classname="tests.unit.test_bios_operations_focused.TestOperationErrorHandling" name="test_validation_operation_error_handling" time="0.001" /><testcase classname="tests.unit.test_bios_operations_focused.TestOperationErrorHandling" name="test_xml_parser_error_handling" time="0.001" /><testcase classname="tests.unit.test_bios_operations_focused.TestBackwardCompatibility" name="test_operation_interface_compatibility" time="0.001" /><testcase classname="tests.unit.test_bios_operations_focused.TestBackwardCompatibility" name="test_parser_interface_compatibility" time="0.001" /><testcase classname="tests.unit.test_bios_operations_focused.TestBackwardCompatibility" name="test_optional_operation_modules" time="0.001" /><testcase classname="tests.unit.test_bios_operations_focused.TestBackwardCompatibility" name="test_optional_parser_modules" time="0.001" /><testcase classname="tests.unit.test_database_operations_focused.TestDbHelperAdvancedOperations" name="test_checkifserveridexists_false" time="0.005" /><testcase classname="tests.unit.test_database_operations_focused.TestDbHelperAdvancedOperations" name="test_checkifserveridexists_true" time="0.006" /><testcase classname="tests.unit.test_database_operations_focused.TestDbHelperAdvancedOperations" name="test_checkready" time="0.007" /><testcase classname="tests.unit.test_database_operations_focused.TestDbHelperAdvancedOperations" name="test_close_connection" time="0.001" /><testcase classname="tests.unit.test_database_operations_focused.TestDbHelperAdvancedOperations" name="test_createdbtable_legacy" time="0.004" /><testcase classname="tests.unit.test_database_operations_focused.TestDbHelperAdvancedOperations" name="test_createdbtable_no_table" time="0.002" /><testcase classname="tests.unit.test_database_operations_focused.TestDbHelperAdvancedOperations" name="test_createdbtable_table_exists" time="0.004" /><testcase classname="tests.unit.test_database_operations_focused.TestDbHelperAdvancedOperations" name="test_createrowforserver" time="0.006" /><testcase classname="tests.unit.test_database_operations_focused.TestDbHelperAdvancedOperations" name="test_get_connection" time="0.001" /><testcase classname="tests.unit.test_database_operations_focused.TestDbHelperAdvancedOperations" name="test_get_database_version_no_migrations" time="0.001" /><testcase classname="tests.unit.test_database_operations_focused.TestDbHelperAdvancedOperations" name="test_get_database_version_with_migrations" time="0.005" /><testcase classname="tests.unit.test_database_operations_focused.TestDbHelperAdvancedOperations" name="test_get_server_by_id_exists" time="0.007" /><testcase classname="tests.unit.test_database_operations_focused.TestDbHelperAdvancedOperations" name="test_get_server_by_id_not_exists" time="0.005" /><testcase classname="tests.unit.test_database_operations_focused.TestDbHelperAdvancedOperations" name="test_get_table_name_fallback" time="0.002" /><testcase classname="tests.unit.test_database_operations_focused.TestDbHelperAdvancedOperations" name="test_get_table_name_servers_exists" time="0.004" /><testcase classname="tests.unit.test_database_operations_focused.TestDbHelperAdvancedOperations" name="test_getserverswithworkingips" time="0.019" /><testcase classname="tests.unit.test_database_operations_focused.TestDbHelperAdvancedOperations" name="test_migrate_database_failure" time="0.003" /><testcase classname="tests.unit.test_database_operations_focused.TestDbHelperAdvancedOperations" name="test_migrate_database_success" time="0.002" /><testcase classname="tests.unit.test_database_operations_focused.TestDbHelperAdvancedOperations" name="test_printtableinfo" time="0.006" /><testcase classname="tests.unit.test_database_operations_focused.TestDbHelperAdvancedOperations" name="test_update_server_metadata" time="0.007" /><testcase classname="tests.unit.test_database_operations_focused.TestDbHelperAdvancedOperations" name="test_update_server_metadata_invalid_columns" time="0.006" /><testcase classname="tests.unit.test_database_operations_focused.TestDbHelperAdvancedOperations" name="test_updateserverinfo" time="0.006" /><testcase classname="tests.unit.test_database_operations_focused.TestDbHelperAdvancedOperations" name="test_updateserverinfo_invalid_column" time="0.005" /><testcase classname="tests.unit.test_database_operations_focused.TestDbHelperAdvancedOperations" name="test_validate_identifier_invalid" time="0.001" /><testcase classname="tests.unit.test_database_operations_focused.TestDbHelperAdvancedOperations" name="test_validate_identifier_valid" time="0.001" /><testcase classname="tests.unit.test_database_operations_focused.TestDbHelperInitialization" name="test_init_invalid_tablename" time="0.002" /><testcase classname="tests.unit.test_database_operations_focused.TestDbHelperInitialization" name="test_init_memory_database" time="0.001" /><testcase classname="tests.unit.test_database_operations_focused.TestDatabaseMigratorAdvanced" name="test_get_applied_migrations" time="0.006" /><testcase classname="tests.unit.test_database_operations_focused.TestDatabaseMigratorAdvanced" name="test_get_current_version_no_migrations" time="0.004" /><testcase classname="tests.unit.test_database_operations_focused.TestDatabaseMigratorAdvanced" name="test_get_current_version_with_migrations" time="0.006" /><testcase classname="tests.unit.test_database_operations_focused.TestDatabaseMigratorAdvanced" name="test_migrator_initialization" time="0.004" /><testcase classname="tests.unit.test_database_operations_focused.TestDatabaseMigratorAdvanced" name="test_migrator_syntax_error_handling" time="0.005" /><testcase classname="tests.unit.test_database_operations_focused.TestDatabaseMigratorAdvanced" name="test_record_migration" time="0.007" /><testcase classname="tests.unit.test_database_operations_focused.TestDatabaseMigratorAdvanced" name="test_record_migration_no_checksum" time="0.006" /><testcase classname="tests.unit.test_database_operations_focused.TestDatabaseMigratorAdvanced" name="test_record_migration_syntax_error" time="0.007" /><testcase classname="tests.unit.test_database_operations_focused.TestDatabaseErrorHandling" name="test_connection_error_handling" time="0.001" /><testcase classname="tests.unit.test_database_operations_focused.TestDatabaseErrorHandling" name="test_operation_error_handling" time="0.001" /><testcase classname="tests.unit.test_firmware_focused.TestFirmwareManager" name="test_firmware_manager_initialization" time="0.002" /><testcase classname="tests.unit.test_firmware_focused.TestFirmwareManager" name="test_get_default_config_path" time="0.001" /><testcase classname="tests.unit.test_firmware_focused.TestFirmwareManager" name="test_set_update_policy_attribute" time="0.001" /><testcase classname="tests.unit.test_firmware_focused.TestFirmwareManager" name="test_firmware_manager_attributes" time="0.002" /><testcase classname="tests.unit.test_firmware_focused.TestFirmwareManager" name="test_get_vendor_info_method_exists" time="0.001" /><testcase classname="tests.unit.test_firmware_focused.TestFirmwareManager" name="test_firmware_manager_error_handling" time="0.002" /><testcase classname="tests.unit.test_firmware_focused.TestFirmwareInfo" name="test_firmware_info_creation" time="0.001" /><testcase classname="tests.unit.test_firmware_focused.TestFirmwareInfo" name="test_firmware_info_serialization" time="0.001" /><testcase classname="tests.unit.test_firmware_focused.TestFirmwareInfo" name="test_firmware_info_with_optional_fields" time="0.001" /><testcase classname="tests.unit.test_firmware_focused.TestFirmwareUpdateResult" name="test_update_result_success" time="0.001" /><testcase classname="tests.unit.test_firmware_focused.TestFirmwareUpdateResult" name="test_update_result_failure" time="0.001" /><testcase classname="tests.unit.test_firmware_focused.TestFirmwareUpdateResult" name="test_update_result_serialization" time="0.001" /><testcase classname="tests.unit.test_firmware_focused.TestFirmwareTypes" name="test_firmware_type_values" time="0.001" /><testcase classname="tests.unit.test_firmware_focused.TestFirmwareTypes" name="test_priority_values" time="0.001" /><testcase classname="tests.unit.test_firmware_focused.TestFirmwareTypes" name="test_update_policy_values" time="0.001" /><testcase classname="tests.unit.test_firmware_focused.TestBaseFirmwareHandler" name="test_base_handler_initialization" time="0.001" /><testcase classname="tests.unit.test_firmware_focused.TestFirmwareIntegration" name="test_end_to_end_firmware_workflow" time="0.001" /><testcase classname="tests.unit.test_firmware_focused.TestBackwardCompatibility" name="test_firmware_imports_compatibility" time="0.001" /><testcase classname="tests.unit.test_firmware_focused.TestBackwardCompatibility" name="test_firmware_manager_api_compatibility" time="0.001" /><testcase classname="tests.unit.test_maas_operations_focused.TestMaasClientInitialization" name="test_init_basic" time="0.001" /><testcase classname="tests.unit.test_maas_operations_focused.TestMaasClientInitialization" name="test_init_oauth_session_setup" time="0.001" /><testcase classname="tests.unit.test_maas_operations_focused.TestMaasClientInitialization" name="test_init_trailing_slash_removal" time="0.001" /><testcase classname="tests.unit.test_maas_operations_focused.TestMaasClientMachineOperations" name="test_abort_machine_operation_failure" time="0.002" /><testcase classname="tests.unit.test_maas_operations_focused.TestMaasClientMachineOperations" name="test_abort_machine_operation_success" time="0.001" /><testcase classname="tests.unit.test_maas_operations_focused.TestMaasClientMachineOperations" name="test_commission_machine_failure" time="0.001" /><testcase classname="tests.unit.test_maas_operations_focused.TestMaasClientMachineOperations" name="test_commission_machine_success" time="0.001" /><testcase classname="tests.unit.test_maas_operations_focused.TestMaasClientMachineOperations" name="test_commission_machine_without_ssh" time="0.001" /><testcase classname="tests.unit.test_maas_operations_focused.TestMaasClientMachineOperations" name="test_deploy_machine_success" time="0.001" /><testcase classname="tests.unit.test_maas_operations_focused.TestMaasClientMachineOperations" name="test_deploy_machine_with_os" time="0.001" /><testcase classname="tests.unit.test_maas_operations_focused.TestMaasClientMachineOperations" name="test_extract_owner_name_dict" time="0.001" /><testcase classname="tests.unit.test_maas_operations_focused.TestMaasClientMachineOperations" name="test_extract_owner_name_dict_no_username" time="0.001" /><testcase classname="tests.unit.test_maas_operations_focused.TestMaasClientMachineOperations" name="test_extract_owner_name_none" time="0.001" /><testcase classname="tests.unit.test_maas_operations_focused.TestMaasClientMachineOperations" name="test_extract_owner_name_string" time="0.001" /><testcase classname="tests.unit.test_maas_operations_focused.TestMaasClientMachineOperations" name="test_force_commission_machine_deployed_state" time="0.002" /><testcase classname="tests.unit.test_maas_operations_focused.TestMaasClientMachineOperations" name="test_force_commission_machine_not_found" time="0.001" /><testcase classname="tests.unit.test_maas_operations_focused.TestMaasClientMachineOperations" name="test_get_machine_failure" time="0.001" /><testcase classname="tests.unit.test_maas_operations_focused.TestMaasClientMachineOperations" name="test_get_machine_success" time="0.002" /><testcase classname="tests.unit.test_maas_operations_focused.TestMaasClientMachineOperations" name="test_get_machines_failure" time="0.001" /><testcase classname="tests.unit.test_maas_operations_focused.TestMaasClientMachineOperations" name="test_get_machines_success" time="0.001" /><testcase classname="tests.unit.test_maas_operations_focused.TestMaasClientMachineOperations" name="test_release_machine_success" time="0.002" /><testcase classname="tests.unit.test_maas_operations_focused.TestMaasClientStatusOperations" name="test_get_available_machines" time="0.001" /><testcase classname="tests.unit.test_maas_operations_focused.TestMaasClientStatusOperations" name="test_get_deployed_machines" time="0.001" /><testcase classname="tests.unit.test_maas_operations_focused.TestMaasClientStatusOperations" name="test_get_machine_ip_no_discovered" time="0.001" /><testcase classname="tests.unit.test_maas_operations_focused.TestMaasClientStatusOperations" name="test_get_machine_ip_no_interface" time="0.001" /><testcase classname="tests.unit.test_maas_operations_focused.TestMaasClientStatusOperations" name="test_get_machine_ip_success" time="0.001" /><testcase classname="tests.unit.test_maas_operations_focused.TestMaasClientStatusOperations" name="test_get_machine_status_not_found" time="0.001" /><testcase classname="tests.unit.test_maas_operations_focused.TestMaasClientStatusOperations" name="test_get_machine_status_success" time="0.001" /><testcase classname="tests.unit.test_maas_operations_focused.TestMaasClientStatusOperations" name="test_get_machines_by_status" time="0.001" /><testcase classname="tests.unit.test_maas_operations_focused.TestMaasClientStatusOperations" name="test_get_ready_machines" time="0.001" /><testcase classname="tests.unit.test_maas_operations_focused.TestMaasClientNetworkOperations" name="test_extract_ip_addresses_discovered" time="0.001" /><testcase classname="tests.unit.test_maas_operations_focused.TestMaasClientNetworkOperations" name="test_extract_ip_addresses_duplicates" time="0.001" /><testcase classname="tests.unit.test_maas_operations_focused.TestMaasClientNetworkOperations" name="test_extract_ip_addresses_links" time="0.001" /><testcase classname="tests.unit.test_maas_operations_focused.TestMaasClientNetworkOperations" name="test_extract_ip_addresses_mixed" time="0.001" /><testcase classname="tests.unit.test_maas_operations_focused.TestMaasClientNetworkOperations" name="test_extract_ip_addresses_no_interfaces" time="0.001" /><testcase classname="tests.unit.test_maas_operations_focused.TestMaasClientNetworkOperations" name="test_extract_ip_addresses_none_values" time="0.001" /><testcase classname="tests.unit.test_maas_operations_focused.TestMaasClientSummaryOperations" name="test_get_machine_details_not_found" time="0.001" /><testcase classname="tests.unit.test_maas_operations_focused.TestMaasClientSummaryOperations" name="test_get_machine_details_success" time="0.001" /><testcase classname="tests.unit.test_maas_operations_focused.TestMaasClientSummaryOperations" name="test_get_machines_summary" time="0.001" /><testcase classname="tests.unit.test_maas_operations_focused.TestMaasClientErrorHandling" name="test_deploy_machine_failure" time="0.002" /><testcase classname="tests.unit.test_maas_operations_focused.TestMaasClientErrorHandling" name="test_force_commission_release_failure" time="0.001" /><testcase classname="tests.unit.test_maas_operations_focused.TestMaasClientErrorHandling" name="test_release_machine_failure" time="0.001" /><testcase classname="tests.unit.test_orchestration_steps_focused.TestOrchestrationStepsBase" name="test_bios_steps_importable" time="0.019" /><testcase classname="tests.unit.test_orchestration_steps_focused.TestOrchestrationStepsBase" name="test_commissioning_steps_importable" time="0.001" /><testcase classname="tests.unit.test_orchestration_steps_focused.TestOrchestrationStepsBase" name="test_cleanup_steps_importable" time="0.001" /><testcase classname="tests.unit.test_orchestration_steps_focused.TestOrchestrationStepsBase" name="test_hardware_discovery_steps_importable" time="0.001" /><testcase classname="tests.unit.test_orchestration_steps_focused.TestOrchestrationStepsBase" name="test_ipmi_config_steps_importable" time="0.001" /><testcase classname="tests.unit.test_orchestration_steps_focused.TestOrchestrationStepsBase" name="test_network_config_steps_importable" time="0.001" /><testcase classname="tests.unit.test_orchestration_steps_focused.TestBiosConfigSteps" name="test_pull_bios_step_prerequisites" time="0.001" /><testcase classname="tests.unit.test_orchestration_steps_focused.TestBiosConfigSteps" name="test_bios_step_manager_initialization" time="0.001" /><testcase classname="tests.unit.test_orchestration_steps_focused.TestCommissioningSteps" name="test_select_machine_prerequisites_dev_mode" time="0.002" /><testcase classname="tests.unit.test_orchestration_steps_focused.TestCommissioningSteps" name="test_select_machine_prerequisites_mock_mode" time="0.002" /><testcase classname="tests.unit.test_orchestration_steps_focused.TestCommissioningSteps" name="test_commissioning_step_initialization" time="0.001" /><testcase classname="tests.unit.test_orchestration_steps_focused.TestCleanupSteps" name="test_cleanup_temp_files_step_execution" time="0.001" /><testcase classname="tests.unit.test_orchestration_steps_focused.TestCleanupSteps" name="test_cleanup_temp_files_with_files" time="0.002" /><testcase classname="tests.unit.test_orchestration_steps_focused.TestCleanupSteps" name="test_cleanup_step_initialization" time="0.001" /><testcase classname="tests.unit.test_orchestration_steps_focused.TestStepPatterns" name="test_step_base_class_usage" time="0.001" /><testcase classname="tests.unit.test_orchestration_steps_focused.TestStepPatterns" name="test_step_logging_patterns" time="0.001" /><testcase classname="tests.unit.test_orchestration_steps_focused.TestStepIntegration" name="test_step_context_usage" time="0.001" /><testcase classname="tests.unit.test_orchestration_steps_focused.TestStepIntegration" name="test_step_execution_result_patterns" time="0.001" /><testcase classname="tests.unit.test_orchestration_steps_focused.TestStepModuleStructure" name="test_bios_config_module_structure" time="0.001" /><testcase classname="tests.unit.test_orchestration_steps_focused.TestStepModuleStructure" name="test_commissioning_module_structure" time="0.001" /><testcase classname="tests.unit.test_orchestration_steps_focused.TestStepModuleStructure" name="test_cleanup_module_structure" time="0.001" /><testcase classname="tests.unit.test_orchestration_steps_focused.TestStepErrorHandling" name="test_bios_step_error_handling" time="0.001" /><testcase classname="tests.unit.test_orchestration_steps_focused.TestStepErrorHandling" name="test_cleanup_step_error_handling" time="0.001" /><testcase classname="tests.unit.test_orchestration_steps_focused.TestBackwardCompatibility" name="test_step_interface_compatibility" time="0.001" /><testcase classname="tests.unit.test_orchestration_steps_focused.TestBackwardCompatibility" name="test_optional_step_modules" time="0.001" /><testcase classname="tests.unit.test_web_routes_focused.TestOrchestrationRoutes" name="test_orchestration_routes_importable" time="0.135" /><testcase classname="tests.unit.test_web_routes_focused.TestOrchestrationRoutes" name="test_provision_server_endpoint_structure" time="0.001"><skipped type="pytest.skip" message="provision_server function not available">/home/ubuntu/HWAutomation/tests/unit/test_web_routes_focused.py:95: provision_server function not available</skipped></testcase><testcase classname="tests.unit.test_web_routes_focused.TestOrchestrationRoutes" name="test_get_workflows_endpoint_structure" time="0.001"><skipped type="pytest.skip" message="get_workflows function not available">/home/ubuntu/HWAutomation/tests/unit/test_web_routes_focused.py:118: get_workflows function not available</skipped></testcase><testcase classname="tests.unit.test_web_routes_focused.TestOrchestrationRoutes" name="test_workflow_status_endpoint_structure" time="0.001"><skipped type="pytest.skip" message="get_workflow_status function not available">/home/ubuntu/HWAutomation/tests/unit/test_web_routes_focused.py:148: get_workflow_status function not available</skipped></testcase><testcase classname="tests.unit.test_web_routes_focused.TestDatabaseRoutes" name="test_database_routes_importable" time="0.001" /><testcase classname="tests.unit.test_web_routes_focused.TestDatabaseRoutes" name="test_get_servers_endpoint_structure" time="0.001"><skipped type="pytest.skip" message="get_servers function not available">/home/ubuntu/HWAutomation/tests/unit/test_web_routes_focused.py:192: get_servers function not available</skipped></testcase><testcase classname="tests.unit.test_web_routes_focused.TestDatabaseRoutes" name="test_get_server_endpoint_structure" time="0.001"><skipped type="pytest.skip" message="get_server function not available">/home/ubuntu/HWAutomation/tests/unit/test_web_routes_focused.py:214: get_server function not available</skipped></testcase><testcase classname="tests.unit.test_web_routes_focused.TestDatabaseRoutes" name="test_update_server_endpoint_structure" time="0.001"><skipped type="pytest.skip" message="update_server function not available">/home/ubuntu/HWAutomation/tests/unit/test_web_routes_focused.py:237: update_server function not available</skipped></testcase><testcase classname="tests.unit.test_web_routes_focused.TestCoreRoutes" name="test_core_routes_importable" time="0.001" /><testcase classname="tests.unit.test_web_routes_focused.TestCoreRoutes" name="test_index_endpoint_structure" time="0.001"><skipped type="pytest.skip" message="index function not available">/home/ubuntu/HWAutomation/tests/unit/test_web_routes_focused.py:273: index function not available</skipped></testcase><testcase classname="tests.unit.test_web_routes_focused.TestCoreRoutes" name="test_health_check_endpoint_structure" time="0.001" /><testcase classname="tests.unit.test_web_routes_focused.TestMaasRoutes" name="test_maas_routes_importable" time="0.001" /><testcase classname="tests.unit.test_web_routes_focused.TestMaasRoutes" name="test_discover_machines_endpoint_structure" time="0.001"><skipped type="pytest.skip" message="discover_machines function not available">/home/ubuntu/HWAutomation/tests/unit/test_web_routes_focused.py:335: discover_machines function not available</skipped></testcase><testcase classname="tests.unit.test_web_routes_focused.TestFirmwareRoutes" name="test_firmware_routes_importable" time="0.001" /><testcase classname="tests.unit.test_web_routes_focused.TestFirmwareRoutes" name="test_firmware_info_endpoint_structure" time="0.001"><skipped type="pytest.skip" message="get_firmware_info function not available">/home/ubuntu/HWAutomation/tests/unit/test_web_routes_focused.py:382: get_firmware_info function not available</skipped></testcase><testcase classname="tests.unit.test_web_routes_focused.TestRouteErrorHandling" name="test_error_response_structure" time="0.001" /><testcase classname="tests.unit.test_web_routes_focused.TestRouteErrorHandling" name="test_validation_error_structure" time="0.001" /><testcase classname="tests.unit.test_web_routes_focused.TestRouteIntegration" name="test_orchestration_app_attribute_access" time="0.001" /><testcase classname="tests.unit.test_web_routes_focused.TestRouteIntegration" name="test_database_app_attribute_access" time="0.001" /><testcase classname="tests.unit.test_web_routes_focused.TestRouteIntegration" name="test_maas_integration_functionality" time="0.001" /><testcase classname="tests.unit.test_web_routes_focused.TestRouteIntegration" name="test_firmware_integration_functionality" time="0.001" /><testcase classname="tests.unit.test_web_routes_focused.TestBackwardCompatibility" name="test_route_imports_compatibility" time="0.001" /><testcase classname="tests.unit.test_web_routes_focused.TestBackwardCompatibility" name="test_flask_app_compatibility" time="0.001" /></testsuite></testsuites>
