<?xml version="1.0" encoding="utf-8"?><testsuites name="pytest tests"><testsuite name="pytest" errors="0" failures="0" skipped="2" tests="9" time="3.074" timestamp="2025-08-16T04:50:19.162930+00:00" hostname="maas-client"><testcase classname="tests.integration.test_workflow.TestWorkflowIntegration" name="test_workflow_with_mocked_services" time="0.001"><skipped type="pytest.skip" message="Integration tests skipped (set RUN_INTEGRATION_TESTS=1 to run)">/home/ubuntu/projects/hwautomation/tests/conftest.py:420: Integration tests skipped (set RUN_INTEGRATION_TESTS=1 to run)</skipped></testcase><testcase classname="tests.integration.test_workflow.TestWorkflowIntegration" name="test_full_workflow_integration" time="0.000"><skipped type="pytest.skip" message="Integration tests skipped (set RUN_INTEGRATION_TESTS=1 to run)">/home/ubuntu/projects/hwautomation/tests/conftest.py:420: Integration tests skipped (set RUN_INTEGRATION_TESTS=1 to run)</skipped></testcase><testcase classname="tests.test_firmware_integration" name="test_firmware_web_integration" time="0.002" /><testcase classname="tests.test_firmware_manager.TestFirmwareManager" name="test_initialization" time="0.214" /><testcase classname="tests.test_firmware_manager.TestFirmwareManager" name="test_get_vendor_info" time="0.228" /><testcase classname="tests.test_firmware_manager.TestFirmwareManager" name="test_compare_versions" time="0.206" /><testcase classname="tests.test_firmware_manager.TestFirmwareManager" name="test_determine_update_priority" time="0.206" /><testcase classname="tests.test_firmware_manager.TestFirmwareManager" name="test_estimate_update_time" time="0.206" /><testcase classname="tests.test_firmware_manager.TestFirmwareManager" name="test_sort_firmware_updates" time="0.212" /><testcase time="0.207" /></testsuite></testsuites>
