<?xml version="1.0" encoding="utf-8"?><testsuites name="pytest tests"><testsuite name="pytest" errors="0" failures="0" skipped="0" tests="0" time="5.107" timestamp="2025-08-14T19:54:48.182946-07:00" hostname="ethereal" /></testsuites>
