<?xml version="1.0" encoding="utf-8"?><testsuites name="pytest tests"><testsuite name="pytest" errors="0" failures="0" skipped="0" tests="0" time="3.471" timestamp="2025-08-10T14:44:28.080089-07:00" hostname="ethereal" /></testsuites>
