<?xml version="1.0" encoding="utf-8"?><testsuites name="pytest tests"><testsuite name="pytest" errors="0" failures="0" skipped="0" tests="0" time="3.939" timestamp="2025-08-08T20:48:15.248949+00:00" hostname="maas-client" /></testsuites>