<?xml version="1.0" encoding="utf-8"?><testsuites name="pytest tests"><testsuite name="pytest" errors="0" failures="0" skipped="0" tests="0" time="3.853" timestamp="2025-08-09T00:53:10.045707+00:00" hostname="maas-client" /></testsuites>
