<?xml version="1.0" encoding="utf-8"?><testsuites name="pytest tests"><testsuite name="pytest" errors="0" failures="0" skipped="0" tests="1" time="1.502" timestamp="2025-08-16T03:56:45.977376+00:00" hostname="maas-client"><testcase classname="tests.unit.test_base_classes_modular.TestBaseAPIView" name="test_base_api_view_initialization" time="0.022" /><testcase time="0.001" /></testsuite></testsuites>
