<?xml version="1.0" encoding="utf-8"?><testsuites name="pytest tests"><testsuite name="pytest" errors="0" failures="0" skipped="0" tests="0" time="5.118" timestamp="2025-08-13T21:27:17.732003+00:00" hostname="maas-client" /></testsuites>
