<?xml version="1.0" encoding="utf-8"?><testsuites name="pytest tests"><testsuite name="pytest" errors="0" failures="0" skipped="0" tests="1" time="5.769" timestamp="2025-08-15T15:31:43.273982+00:00" hostname="maas-client"><testcase classname="tests.unit.test_env_config.TestLoadConfigFunction" name="test_load_config_with_env_file" time="0.015" /></testsuite></testsuites>
