<?xml version="1.0" encoding="utf-8"?><testsuites name="pytest tests"><testsuite name="pytest" errors="0" failures="1" skipped="0" tests="195" time="1.301" timestamp="2025-08-15T14:43:50.157339+00:00" hostname="maas-client"><testcase classname="tests.unit.test_base_classes_modular.TestBaseAPIView" name="test_base_api_view_initialization" time="0.002" /><testcase classname="tests.unit.test_base_classes_modular.TestBaseAPIView" name="test_success_response_format" time="0.001" /><testcase classname="tests.unit.test_base_classes_modular.TestBaseAPIView" name="test_error_response_format" time="0.001" /><testcase classname="tests.unit.test_base_classes_modular.TestBaseAPIView" name="test_pagination_response" time="0.001" /><testcase classname="tests.unit.test_base_classes_modular.TestBaseAPIView" name="test_error_handling_value_error" time="0.002" /><testcase classname="tests.unit.test_base_classes_modular.TestBaseAPIView" name="test_error_handling_key_error" time="0.001" /><testcase classname="tests.unit.test_base_classes_modular.TestBaseResourceView" name="test_get_single_resource" time="0.001" /><testcase classname="tests.unit.test_base_classes_modular.TestBaseResourceView" name="test_get_resource_list" time="0.001" /><testcase classname="tests.unit.test_base_classes_modular.TestBaseResourceView" name="test_resource_crud_operations" time="0.001" /><testcase classname="tests.unit.test_base_classes_modular.TestBaseResourceView" name="test_get_request_data_json" time="0.003" /><testcase classname="tests.unit.test_base_classes_modular.TestBaseResourceView" name="test_get_request_data_not_json" time="0.002" /><testcase classname="tests.unit.test_base_classes_modular.TestDatabaseMixin" name="test_database_mixin_initialization" time="0.001" /><testcase classname="tests.unit.test_base_classes_modular.TestDatabaseMixin" name="test_execute_query_fetch_all" time="0.002" /><testcase classname="tests.unit.test_base_classes_modular.TestDatabaseMixin" name="test_execute_query_fetch_one" time="0.002" /><testcase classname="tests.unit.test_base_classes_modular.TestDatabaseMixin" name="test_execute_query_no_fetch" time="0.002" /><testcase classname="tests.unit.test_base_classes_modular.TestDatabaseMixin" name="test_execute_many" time="0.002" /><testcase classname="tests.unit.test_base_classes_modular.TestDatabaseMixin" name="test_get_table_info" time="0.002" /><testcase classname="tests.unit.test_base_classes_modular.TestValidationMixin" name="test_validate_required_fields" time="0.000" /><testcase classname="tests.unit.test_base_classes_modular.TestValidationMixin" name="test_validate_required_fields_empty_values" time="0.000" /><testcase classname="tests.unit.test_base_classes_modular.TestValidationMixin" name="test_validate_field_types" time="0.001" /><testcase classname="tests.unit.test_base_classes_modular.TestValidationMixin" name="test_validate_field_types_invalid" time="0.001" /><testcase classname="tests.unit.test_base_classes_modular.TestValidationMixin" name="test_validate_string_length" time="0.001" /><testcase classname="tests.unit.test_base_classes_modular.TestValidationMixin" name="test_validate_ip_address_valid" time="0.001" /><testcase classname="tests.unit.test_base_classes_modular.TestValidationMixin" name="test_validate_ip_address_invalid" time="0.001" /><testcase classname="tests.unit.test_base_classes_modular.TestValidationMixin" name="test_validate_server_id" time="0.001" /><testcase classname="tests.unit.test_base_classes_modular.TestValidationMixin" name="test_validate_device_type" time="0.001" /><testcase classname="tests.unit.test_base_classes_modular.TestValidationMixin" name="test_validate_workflow_status" time="0.001" /><testcase classname="tests.unit.test_base_classes_modular.TestValidationMixin" name="test_validate_email" time="0.001" /><testcase classname="tests.unit.test_base_classes_modular.TestValidationMixin" name="test_validate_url" time="0.001" /><testcase classname="tests.unit.test_base_classes_modular.TestCacheMixin" name="test_cache_set_and_get" time="0.000" /><testcase classname="tests.unit.test_base_classes_modular.TestCacheMixin" name="test_cache_get_nonexistent" time="0.000" /><testcase classname="tests.unit.test_base_classes_modular.TestCacheMixin" name="test_cache_ttl_expiry" time="0.001" /><testcase classname="tests.unit.test_base_classes_modular.TestCacheMixin" name="test_cache_delete" time="0.001" /><testcase classname="tests.unit.test_base_classes_modular.TestCacheMixin" name="test_cache_clear" time="0.001" /><testcase classname="tests.unit.test_base_classes_modular.TestCacheMixin" name="test_cache_cleanup" time="0.001" /><testcase classname="tests.unit.test_base_classes_modular.TestCacheMixin" name="test_cache_stats" time="0.001" /><testcase classname="tests.unit.test_base_classes_modular.TestCacheMixin" name="test_cache_has" time="0.001" /><testcase classname="tests.unit.test_base_classes_modular.TestTimestampMixin" name="test_current_timestamp" time="0.001" /><testcase classname="tests.unit.test_base_classes_modular.TestTimestampMixin" name="test_format_timestamp_default" time="0.009" /><testcase classname="tests.unit.test_base_classes_modular.TestTimestampMixin" name="test_format_timestamp_iso" time="0.005" /><testcase classname="tests.unit.test_base_classes_modular.TestTimestampMixin" name="test_parse_timestamp_iso" time="0.001" /><testcase classname="tests.unit.test_base_classes_modular.TestTimestampMixin" name="test_parse_timestamp_invalid" time="0.006" /><testcase classname="tests.unit.test_base_classes_modular.TestTimestampMixin" name="test_duration_since" time="0.001" /><testcase classname="tests.unit.test_base_classes_modular.TestTimestampMixin" name="test_format_duration" time="0.001" /><testcase classname="tests.unit.test_base_classes_modular.TestTimestampMixin" name="test_time_ago" time="0.000" /><testcase classname="tests.unit.test_base_classes_modular.TestTimestampMixin" name="test_is_timestamp_recent" time="0.000" /><testcase classname="tests.unit.test_base_classes_modular.TestTimestampMixin" name="test_timestamp_date_time_conversion" time="0.000" /><testcase classname="tests.unit.test_base_classes_modular.TestTimestampMixin" name="test_start_end_of_day" time="0.001" /><testcase classname="tests.unit.test_base_classes_modular.TestBaseResource" name="test_base_resource_initialization" time="0.001" /><testcase classname="tests.unit.test_base_classes_modular.TestBaseResource" name="test_base_resource_combined_functionality" time="0.002" /><testcase classname="tests.unit.test_base_classes_modular.TestBaseResource" name="test_get_cached_or_fetch" time="0.002" /><testcase classname="tests.unit.test_base_classes_modular.TestBaseResource" name="test_multiple_inheritance_method_resolution" time="0.001" /><testcase classname="tests.unit.test_base_classes_modular.TestBackwardCompatibility" name="test_base_classes_import_compatibility" time="0.001" /><testcase classname="tests.unit.test_base_classes_modular.TestBackwardCompatibility" name="test_backward_compatible_functionality" time="0.001" /><testcase classname="tests.unit.test_bios_base.TestConfigMethod" name="test_config_method_values" time="0.000" /><testcase classname="tests.unit.test_bios_base.TestConfigMethod" name="test_config_method_redfish_standard" time="0.000" /><testcase classname="tests.unit.test_bios_base.TestConfigMethod" name="test_config_method_vendor_tools" time="0.000" /><testcase classname="tests.unit.test_bios_base.TestOperationStatus" name="test_operation_status_values" time="0.000" /><testcase classname="tests.unit.test_bios_base.TestOperationStatus" name="test_operation_status_success" time="0.000" /><testcase classname="tests.unit.test_bios_base.TestOperationStatus" name="test_operation_status_failed" time="0.000" /><testcase classname="tests.unit.test_bios_base.TestBiosConfigResult" name="test_bios_config_result_creation" time="0.001" /><testcase classname="tests.unit.test_bios_base.TestBiosConfigResult" name="test_bios_config_result_with_backup" time="0.000" /><testcase classname="tests.unit.test_bios_base.TestBiosConfigResult" name="test_bios_config_result_empty_settings" time="0.000" /><testcase classname="tests.unit.test_bios_operations_focused.TestBiosOperationsBase" name="test_pull_operation_importable" time="0.008" /><testcase classname="tests.unit.test_bios_operations_focused.TestBiosOperationsBase" name="test_push_operation_importable" time="0.001" /><testcase classname="tests.unit.test_bios_operations_focused.TestBiosOperationsBase" name="test_validate_operation_importable" time="0.000" /><testcase classname="tests.unit.test_bios_operations_focused.TestBiosOperationsBase" name="test_xml_parser_importable" time="0.005" /><testcase classname="tests.unit.test_bios_operations_focused.TestBiosOperationsBase" name="test_redfish_parser_importable" time="0.000" /><testcase classname="tests.unit.test_bios_operations_focused.TestPullOperationHandler" name="test_pull_handler_parameter_validation" time="0.001" /><testcase classname="tests.unit.test_bios_operations_focused.TestPullOperationHandler" name="test_pull_handler_execution_success" time="0.001" /><testcase classname="tests.unit.test_bios_operations_focused.TestPullOperationHandler" name="test_pull_handler_inheritance" time="0.000" /><testcase classname="tests.unit.test_bios_operations_focused.TestPushOperationHandler" name="test_push_handler_parameter_validation" time="0.000" /><testcase classname="tests.unit.test_bios_operations_focused.TestPushOperationHandler" name="test_push_handler_execution_with_validation" time="0.002" /><testcase classname="tests.unit.test_bios_operations_focused.TestPushOperationHandler" name="test_push_handler_inheritance" time="0.000" /><testcase classname="tests.unit.test_bios_operations_focused.TestValidationOperationHandler" name="test_validation_handler_parameter_validation" time="0.001" /><testcase classname="tests.unit.test_bios_operations_focused.TestValidationOperationHandler" name="test_validation_handler_execution_pattern" time="0.001" /><testcase classname="tests.unit.test_bios_operations_focused.TestValidationOperationHandler" name="test_validation_handler_inheritance" time="0.001" /><testcase classname="tests.unit.test_bios_operations_focused.TestXmlConfigParser" name="test_xml_parser_initialization" time="0.000" /><testcase classname="tests.unit.test_bios_operations_focused.TestXmlConfigParser" name="test_xml_parser_valid_parse" time="0.001" /><testcase classname="tests.unit.test_bios_operations_focused.TestXmlConfigParser" name="test_xml_parser_invalid_parse" time="0.001" /><testcase classname="tests.unit.test_bios_operations_focused.TestXmlConfigParser" name="test_xml_parser_serialize" time="0.001" /><testcase classname="tests.unit.test_bios_operations_focused.TestXmlConfigParser" name="test_xml_parser_inheritance" time="0.000" /><testcase classname="tests.unit.test_bios_operations_focused.TestOperationModuleStructure" name="test_pull_module_structure" time="0.000" /><testcase classname="tests.unit.test_bios_operations_focused.TestOperationModuleStructure" name="test_push_module_structure" time="0.000" /><testcase classname="tests.unit.test_bios_operations_focused.TestOperationModuleStructure" name="test_validate_module_structure" time="0.000" /><testcase classname="tests.unit.test_bios_operations_focused.TestOperationModuleStructure" name="test_xml_parser_module_structure" time="0.000" /><testcase classname="tests.unit.test_bios_operations_focused.TestOperationErrorHandling" name="test_pull_operation_error_handling" time="0.001" /><testcase classname="tests.unit.test_bios_operations_focused.TestOperationErrorHandling" name="test_push_operation_error_handling" time="0.001" /><testcase classname="tests.unit.test_bios_operations_focused.TestOperationErrorHandling" name="test_validation_operation_error_handling" time="0.000" /><testcase classname="tests.unit.test_bios_operations_focused.TestOperationErrorHandling" name="test_xml_parser_error_handling" time="0.001" /><testcase classname="tests.unit.test_bios_operations_focused.TestBackwardCompatibility" name="test_operation_interface_compatibility" time="0.000" /><testcase classname="tests.unit.test_bios_operations_focused.TestBackwardCompatibility" name="test_parser_interface_compatibility" time="0.000" /><testcase classname="tests.unit.test_bios_operations_focused.TestBackwardCompatibility" name="test_optional_operation_modules" time="0.000" /><testcase classname="tests.unit.test_bios_operations_focused.TestBackwardCompatibility" name="test_optional_parser_modules" time="0.000" /><testcase classname="tests.unit.test_config.TestConfigLoader" name="test_load_valid_config" time="0.002" /><testcase classname="tests.unit.test_config.TestConfigLoader" name="test_load_missing_file" time="0.001" /><testcase classname="tests.unit.test_config.TestConfigLoader" name="test_load_config_with_none" time="0.001" /><testcase classname="tests.unit.test_config.TestConfigLoader" name="test_load_config_with_mock" time="0.001" /><testcase classname="tests.unit.test_database.TestDbHelper" name="test_init_with_memory_db" time="0.001" /><testcase classname="tests.unit.test_database.TestDbHelper" name="test_init_with_file_db" time="0.004" /><testcase classname="tests.unit.test_database.TestDbHelper" name="test_basic_functionality" time="0.001" /><testcase classname="tests.unit.test_database_operations_focused.TestDbHelperAdvancedOperations" name="test_checkifserveridexists_false" time="0.005" /><testcase classname="tests.unit.test_database_operations_focused.TestDbHelperAdvancedOperations" name="test_checkifserveridexists_true" time="0.006" /><testcase classname="tests.unit.test_database_operations_focused.TestDbHelperAdvancedOperations" name="test_checkready" time="0.008" /><testcase classname="tests.unit.test_database_operations_focused.TestDbHelperAdvancedOperations" name="test_close_connection" time="0.001" /><testcase classname="tests.unit.test_database_operations_focused.TestDbHelperAdvancedOperations" name="test_createdbtable_legacy" time="0.004" /><testcase classname="tests.unit.test_database_operations_focused.TestDbHelperAdvancedOperations" name="test_createdbtable_no_table" time="0.001" /><testcase classname="tests.unit.test_database_operations_focused.TestDbHelperAdvancedOperations" name="test_createdbtable_table_exists" time="0.004" /><testcase classname="tests.unit.test_database_operations_focused.TestDbHelperAdvancedOperations" name="test_createrowforserver" time="0.006" /><testcase classname="tests.unit.test_database_operations_focused.TestDbHelperAdvancedOperations" name="test_get_connection" time="0.001" /><testcase classname="tests.unit.test_database_operations_focused.TestDbHelperAdvancedOperations" name="test_get_database_version_no_migrations" time="0.001" /><testcase classname="tests.unit.test_database_operations_focused.TestDbHelperAdvancedOperations" name="test_get_database_version_with_migrations" time="0.005" /><testcase classname="tests.unit.test_database_operations_focused.TestDbHelperAdvancedOperations" name="test_get_server_by_id_exists" time="0.006" /><testcase classname="tests.unit.test_database_operations_focused.TestDbHelperAdvancedOperations" name="test_get_server_by_id_not_exists" time="0.003" /><testcase classname="tests.unit.test_database_operations_focused.TestDbHelperAdvancedOperations" name="test_get_table_name_fallback" time="0.001" /><testcase classname="tests.unit.test_database_operations_focused.TestDbHelperAdvancedOperations" name="test_get_table_name_servers_exists" time="0.003" /><testcase classname="tests.unit.test_database_operations_focused.TestDbHelperAdvancedOperations" name="test_getserverswithworkingips" time="0.014" /><testcase classname="tests.unit.test_database_operations_focused.TestDbHelperAdvancedOperations" name="test_migrate_database_failure" time="0.001" /><testcase classname="tests.unit.test_database_operations_focused.TestDbHelperAdvancedOperations" name="test_migrate_database_success" time="0.001" /><testcase classname="tests.unit.test_database_operations_focused.TestDbHelperAdvancedOperations" name="test_printtableinfo" time="0.006" /><testcase classname="tests.unit.test_database_operations_focused.TestDbHelperAdvancedOperations" name="test_update_server_metadata" time="0.007" /><testcase classname="tests.unit.test_database_operations_focused.TestDbHelperAdvancedOperations" name="test_update_server_metadata_invalid_columns" time="0.005" /><testcase classname="tests.unit.test_database_operations_focused.TestDbHelperAdvancedOperations" name="test_updateserverinfo" time="0.006" /><testcase classname="tests.unit.test_database_operations_focused.TestDbHelperAdvancedOperations" name="test_updateserverinfo_invalid_column" time="0.005" /><testcase classname="tests.unit.test_database_operations_focused.TestDbHelperAdvancedOperations" name="test_validate_identifier_invalid" time="0.001" /><testcase classname="tests.unit.test_database_operations_focused.TestDbHelperAdvancedOperations" name="test_validate_identifier_valid" time="0.001" /><testcase classname="tests.unit.test_database_operations_focused.TestDbHelperInitialization" name="test_init_invalid_tablename" time="0.000" /><testcase classname="tests.unit.test_database_operations_focused.TestDbHelperInitialization" name="test_init_memory_database" time="0.000" /><testcase classname="tests.unit.test_database_operations_focused.TestDatabaseMigratorAdvanced" name="test_get_applied_migrations" time="0.006" /><testcase classname="tests.unit.test_database_operations_focused.TestDatabaseMigratorAdvanced" name="test_get_current_version_no_migrations" time="0.004" /><testcase classname="tests.unit.test_database_operations_focused.TestDatabaseMigratorAdvanced" name="test_get_current_version_with_migrations" time="0.005" /><testcase classname="tests.unit.test_database_operations_focused.TestDatabaseMigratorAdvanced" name="test_migrator_initialization" time="0.003" /><testcase classname="tests.unit.test_database_operations_focused.TestDatabaseMigratorAdvanced" name="test_migrator_syntax_error_handling" time="0.004" /><testcase classname="tests.unit.test_database_operations_focused.TestDatabaseMigratorAdvanced" name="test_record_migration" time="0.005" /><testcase classname="tests.unit.test_database_operations_focused.TestDatabaseMigratorAdvanced" name="test_record_migration_no_checksum" time="0.005" /><testcase classname="tests.unit.test_database_operations_focused.TestDatabaseMigratorAdvanced" name="test_record_migration_syntax_error" time="0.006" /><testcase classname="tests.unit.test_database_operations_focused.TestDatabaseErrorHandling" name="test_connection_error_handling" time="0.001" /><testcase classname="tests.unit.test_database_operations_focused.TestDatabaseErrorHandling" name="test_operation_error_handling" time="0.001" /><testcase classname="tests.unit.test_discovery_base.TestNetworkInterface" name="test_network_interface_creation" time="0.000" /><testcase classname="tests.unit.test_discovery_base.TestNetworkInterface" name="test_network_interface_minimal" time="0.000" /><testcase classname="tests.unit.test_discovery_base.TestNetworkInterface" name="test_network_interface_serialization" time="0.000" /><testcase classname="tests.unit.test_discovery_base.TestIPMIInfo" name="test_ipmi_info_creation" time="0.000" /><testcase classname="tests.unit.test_discovery_base.TestIPMIInfo" name="test_ipmi_info_defaults" time="0.000" /><testcase classname="tests.unit.test_discovery_base.TestIPMIInfo" name="test_ipmi_info_serialization" time="0.000" /><testcase classname="tests.unit.test_discovery_base.TestSystemInfo" name="test_system_info_creation" time="0.000" /><testcase classname="tests.unit.test_discovery_base.TestSystemInfo" name="test_system_info_defaults" time="0.000" /><testcase classname="tests.unit.test_discovery_base.TestSystemInfo" name="test_system_info_serialization" time="0.000" /><testcase classname="tests.unit.test_discovery_base.TestHardwareDiscovery" name="test_hardware_discovery_creation" time="0.000" /><testcase classname="tests.unit.test_discovery_base.TestHardwareDiscovery" name="test_hardware_discovery_to_dict" time="0.000" /><testcase classname="tests.unit.test_discovery_base.TestHardwareDiscovery" name="test_hardware_discovery_complex_structure" time="0.000" /><testcase classname="tests.unit.test_discovery_base.TestBaseVendorDiscovery" name="test_base_vendor_discovery_initialization" time="0.000" /><testcase classname="tests.unit.test_discovery_base.TestBaseVendorDiscovery" name="test_base_vendor_discovery_default_priority" time="0.002" /><testcase classname="tests.unit.test_discovery_base.TestBaseVendorDiscovery" name="test_base_vendor_discovery_abstract_methods" time="0.000" /><testcase classname="tests.unit.test_discovery_base.TestBaseVendorDiscovery" name="test_concrete_vendor_discovery_implementation" time="0.000" /><testcase classname="tests.unit.test_discovery_base.TestBaseParser" name="test_base_parser_initialization" time="0.000" /><testcase classname="tests.unit.test_discovery_base.TestBaseParser" name="test_base_parser_abstract_method" time="0.000" /><testcase classname="tests.unit.test_discovery_base.TestBaseParser" name="test_concrete_parser_implementation" time="0.000" /><testcase classname="tests.unit.test_discovery_base.TestBaseParser" name="test_safe_parse_success" time="0.000" /><testcase classname="tests.unit.test_discovery_base.TestBaseParser" name="test_safe_parse_error_handling" time="0.000" /><testcase classname="tests.unit.test_discovery_base.TestBaseParser" name="test_safe_parse_logs_warning" time="0.001" /><testcase classname="tests.unit.test_discovery_base_fixed.TestNetworkInterface" name="test_network_interface_creation" time="0.000" /><testcase classname="tests.unit.test_discovery_base_fixed.TestNetworkInterface" name="test_network_interface_minimal" time="0.000" /><testcase classname="tests.unit.test_discovery_base_fixed.TestNetworkInterface" name="test_network_interface_serialization" time="0.000" /><testcase classname="tests.unit.test_discovery_base_fixed.TestIPMIInfo" name="test_ipmi_info_creation" time="0.000" /><testcase classname="tests.unit.test_discovery_base_fixed.TestIPMIInfo" name="test_ipmi_info_defaults" time="0.000" /><testcase classname="tests.unit.test_discovery_base_fixed.TestIPMIInfo" name="test_ipmi_info_serialization" time="0.000" /><testcase classname="tests.unit.test_discovery_base_fixed.TestSystemInfo" name="test_system_info_creation" time="0.000" /><testcase classname="tests.unit.test_discovery_base_fixed.TestSystemInfo" name="test_system_info_defaults" time="0.000" /><testcase classname="tests.unit.test_discovery_base_fixed.TestSystemInfo" name="test_system_info_serialization" time="0.000" /><testcase classname="tests.unit.test_discovery_base_fixed.TestHardwareDiscovery" name="test_hardware_discovery_creation" time="0.000" /><testcase classname="tests.unit.test_discovery_base_fixed.TestHardwareDiscovery" name="test_hardware_discovery_to_dict" time="0.000" /><testcase classname="tests.unit.test_discovery_base_fixed.TestHardwareDiscovery" name="test_hardware_discovery_complex_structure" time="0.000" /><testcase classname="tests.unit.test_discovery_base_fixed.TestBaseVendorDiscovery" name="test_base_vendor_discovery_initialization" time="0.000" /><testcase classname="tests.unit.test_discovery_base_fixed.TestBaseVendorDiscovery" name="test_base_vendor_discovery_default_priority" time="0.000" /><testcase classname="tests.unit.test_discovery_base_fixed.TestBaseVendorDiscovery" name="test_base_vendor_discovery_abstract_methods" time="0.000" /><testcase classname="tests.unit.test_discovery_base_fixed.TestBaseVendorDiscovery" name="test_concrete_vendor_discovery_implementation" time="0.000" /><testcase classname="tests.unit.test_discovery_base_fixed.TestBaseParser" name="test_base_parser_initialization" time="0.000" /><testcase classname="tests.unit.test_discovery_base_fixed.TestBaseParser" name="test_base_parser_abstract_method" time="0.000" /><testcase classname="tests.unit.test_discovery_base_fixed.TestBaseParser" name="test_concrete_parser_implementation" time="0.000" /><testcase classname="tests.unit.test_discovery_base_fixed.TestBaseParser" name="test_safe_parse_success" time="0.000" /><testcase classname="tests.unit.test_discovery_base_fixed.TestBaseParser" name="test_safe_parse_error_handling" time="0.000" /><testcase classname="tests.unit.test_discovery_base_fixed.TestBaseParser" name="test_safe_parse_logs_warning" time="0.001" /><testcase classname="tests.unit.test_env_config.TestConfig" name="test_init_without_env_file" time="0.000" /><testcase classname="tests.unit.test_env_config.TestConfig" name="test_get_env_defaults" time="0.000" /><testcase classname="tests.unit.test_env_config.TestConfig" name="test_get_env_with_custom_values" time="0.001" /><testcase classname="tests.unit.test_env_config.TestConfig" name="test_boolean_conversion" time="0.003" /><testcase classname="tests.unit.test_env_config.TestConfig" name="test_numeric_conversion" time="0.001" /><testcase classname="tests.unit.test_env_config.TestConfig" name="test_invalid_numeric_conversion" time="0.001" /><testcase classname="tests.unit.test_env_config.TestConfig" name="test_get_section" time="0.000" /><testcase classname="tests.unit.test_env_config.TestConfig" name="test_get_nonexistent_key" time="0.000" /><testcase classname="tests.unit.test_env_config.TestConfig" name="test_dictionary_access" time="0.000" /><testcase classname="tests.unit.test_env_config.TestConfigWithEnvFile" name="test_load_env_file" time="0.002" /><testcase classname="tests.unit.test_env_config.TestConfigWithEnvFile" name="test_load_nonexistent_env_file" time="0.000" /><testcase classname="tests.unit.test_env_config.TestLoadConfigFunction" name="test_load_config_returns_dict" time="0.004" /><testcase classname="tests.unit.test_env_config.TestLoadConfigFunction" name="test_load_config_with_env_file" time="0.005"><failure message="AssertionError: assert 'hwautomation' == 'custom_load_test'&#10;  &#10;  #x1B[0m#x1B[91m- custom_load_test#x1B[39;49;00m#x1B[90m#x1B[39;49;00m&#10;  #x1B[92m+ hwautomation#x1B[39;49;00m#x1B[90m#x1B[39;49;00m">tests/unit/test_env_config.py:173: in test_load_config_with_env_file
    assert config["project"]["name"] == "custom_load_test"
E   AssertionError: assert 'hwautomation' == 'custom_load_test'
E     
E     #x1B[0m#x1B[91m- custom_load_test#x1B[39;49;00m#x1B[90m#x1B[39;49;00m
E     #x1B[92m+ hwautomation#x1B[39;49;00m#x1B[90m#x1B[39;49;00m
        config     = {'database': {'auto_migrate': True, 'backup_before_migration': True, 'host': 'db', 'name': 'hwautomation_dev', ...}, '...admin'}, 'logging': {'backup_count': 5, 'file': '/app/logs/hwautomation.log', 'level': 'INFO', 'max_size_mb': 10}, ...}
        env_file   = PosixPath('/tmp/pytest-of-ubuntu/pytest-0/test_load_config_with_env_file0/.env')
        reload_config = &lt;function reload_config at 0x7839b7ca59e0&gt;
        self       = &lt;unit.test_env_config.TestLoadConfigFunction object at 0x7839b7980bf0&gt;
        tmp_path   = PosixPath('/tmp/pytest-of-ubuntu/pytest-0/test_load_config_with_env_file0')</failure></testcase></testsuite></testsuites>