<?xml version="1.0" encoding="utf-8"?><testsuites name="pytest tests"><testsuite name="pytest" errors="0" failures="0" skipped="0" tests="0" time="3.886" timestamp="2025-08-09T00:52:04.641240+00:00" hostname="maas-client" /></testsuites>
