<?xml version="1.0" encoding="utf-8"?><testsuites name="pytest tests"><testsuite name="pytest" errors="0" failures="0" skipped="0" tests="0" time="4.550" timestamp="2025-08-09T03:35:07.471510+00:00" hostname="maas-client" /></testsuites>
