<?xml version="1.0" encoding="utf-8"?><testsuites name="pytest tests"><testsuite name="pytest" errors="0" failures="0" skipped="0" tests="11" time="4.359" timestamp="2025-08-09T18:14:29.420401-07:00" hostname="ethereal"><testcase classname="tests.unit.test_redfish_manager.TestRedfishManager" name="test_redfish_manager_initialization" time="0.007" /><testcase classname="tests.unit.test_redfish_manager.TestRedfishManager" name="test_redfish_manager_http_mode" time="0.002" /><testcase classname="tests.unit.test_redfish_manager.TestRedfishManager" name="test_service_root_discovery" time="0.005" /><testcase classname="tests.unit.test_redfish_manager.TestRedfishManager" name="test_capability_discovery" time="0.005" /><testcase classname="tests.unit.test_redfish_manager.TestRedfishManager" name="test_system_info_retrieval" time="0.002" /><testcase classname="tests.unit.test_redfish_manager.TestRedfishManager" name="test_bios_settings_retrieval" time="0.006" /><testcase classname="tests.unit.test_redfish_manager.TestRedfishManager" name="test_connection_test_success" time="0.005" /><testcase classname="tests.unit.test_redfish_manager.TestRedfishManager" name="test_connection_test_failure" time="0.002" /><testcase classname="tests.unit.test_redfish_manager.TestBiosConfigManagerRedfish" name="test_redfish_connection_via_bios_manager" time="0.313" /><testcase classname="tests.unit.test_redfish_manager.TestBiosConfigManagerRedfish" name="test_system_info_via_bios_manager" time="0.297" /><testcase classname="tests.unit.test_redfish_manager.TestBiosConfigManagerRedfish" name="test_bios_config_method_determination" time="0.300" /></testsuite></testsuites>