<?xml version="1.0" encoding="utf-8"?><testsuites name="pytest tests"><testsuite name="pytest" errors="0" failures="0" skipped="0" tests="0" time="8.676" timestamp="2025-08-14T19:17:31.671404-07:00" hostname="ethereal" /></testsuites>
