<?xml version="1.0" encoding="utf-8"?><testsuites name="pytest tests"><testsuite name="pytest" errors="0" failures="0" skipped="0" tests="0" time="3.928" timestamp="2025-08-09T02:28:09.946849+00:00" hostname="maas-client" /></testsuites>
